#
# There is insufficient memory for the Java Runtime Environment to continue.
# Native memory allocation (malloc) failed to allocate 949056 bytes for Chunk::new
# Possible reasons:
#   The system is out of physical RAM or swap space
#   The process is running with CompressedOops enabled, and the Java Heap may be blocking the growth of the native heap
# Possible solutions:
#   Reduce memory load on the system
#   Increase physical memory or swap space
#   Check if swap backing store is full
#   Decrease Java heap size (-Xmx/-Xms)
#   Decrease number of Java threads
#   Decrease Java thread stack sizes (-Xss)
#   Set larger code cache with -XX:ReservedCodeCacheSize=
#   JVM is running with Zero Based Compressed Oops mode in which the Java heap is
#     placed in the first 32GB address space. The Java Heap base address is the
#     maximum limit for the native heap growth. Please use -XX:HeapBaseMinAddress
#     to set the Java Heap base and to place the Java Heap above 32GB virtual address.
# This output file may be truncated or incomplete.
#
#  Out of Memory Error (allocation.cpp:389), pid=6380, tid=0x0000000000002a3c
#
# JRE version: Java(TM) SE Runtime Environment (8.0_231-b11) (build 1.8.0_231-b11)
# Java VM: Java HotSpot(TM) 64-Bit Server VM (25.231-b11 mixed mode windows-amd64 compressed oops)
# Failed to write core dump. Minidumps are not enabled by default on client versions of Windows
#

---------------  T H R E A D  ---------------

Current thread (0x000000001e593800):  JavaThread "C2 CompilerThread1" daemon [_thread_in_native, id=10812, stack(0x000000001ef70000,0x000000001f070000)]

Stack: [0x000000001ef70000,0x000000001f070000]
[error occurred during error reporting (printing stack bounds), id 0xc0000005]

Native frames: (J=compiled Java code, j=interpreted, Vv=VM code, C=native code)


Current CompileTask:
C2:  64931 4547       4       groovy.lang.MetaClassImpl::addMetaMethodToIndex (65 bytes)


---------------  P R O C E S S  ---------------

Java Threads: ( => current thread )
  0x00000000237ee000 JavaThread "HeartBeatProvider_heartBeatSenderService-0" daemon [_thread_blocked, id=15244, stack(0x000000003f700000,0x000000003f800000)]
  0x0000000020971800 JavaThread "HeartBeatProvider_propertyUpdateService-0" daemon [_thread_blocked, id=20860, stack(0x000000003f600000,0x000000003f700000)]
  0x00000000213eb000 JavaThread "DefaultQuickPulseCoordinator" daemon [_thread_blocked, id=21444, stack(0x000000003f500000,0x000000003f600000)]
  0x00000000219e7000 JavaThread "QuickPulseDataSender" daemon [_thread_blocked, id=12812, stack(0x0000000022060000,0x0000000022160000)]
  0x00000000201f7800 JavaThread "PerformanceCounterContainer-0" daemon [_thread_blocked, id=20524, stack(0x000000003ef50000,0x000000003f050000)]
  0x0000000020447800 JavaThread "ActiveTransmissionLoader-worker-0" daemon [_thread_blocked, id=18064, stack(0x0000000025a30000,0x0000000025b30000)]
  0x000000001e7a9000 JavaThread "surefire-forkedjvm-command-thread" daemon [_thread_in_native, id=15432, stack(0x000000001f470000,0x000000001f570000)]
  0x000000001e638800 JavaThread "Service Thread" daemon [_thread_blocked, id=20348, stack(0x000000001f270000,0x000000001f370000)]
  0x000000001e5a9800 JavaThread "C1 CompilerThread3" daemon [_thread_blocked, id=2164, stack(0x000000001f170000,0x000000001f270000)]
  0x000000001e5a0800 JavaThread "C2 CompilerThread2" daemon [_thread_in_native, id=16952, stack(0x000000001f070000,0x000000001f170000)]
=>0x000000001e593800 JavaThread "C2 CompilerThread1" daemon [_thread_in_native, id=10812, stack(0x000000001ef70000,0x000000001f070000)]
  0x000000001e591000 JavaThread "C2 CompilerThread0" daemon [_thread_in_native, id=4456, stack(0x000000001ee70000,0x000000001ef70000)]
  0x000000001e589800 JavaThread "Attach Listener" daemon [_thread_blocked, id=14328, stack(0x000000001ed70000,0x000000001ee70000)]
  0x000000001e589000 JavaThread "Signal Dispatcher" daemon [_thread_blocked, id=19164, stack(0x000000001ec70000,0x000000001ed70000)]
  0x000000001e581800 JavaThread "Finalizer" daemon [_thread_blocked, id=10676, stack(0x000000001ea60000,0x000000001eb60000)]
  0x000000001e580800 JavaThread "Reference Handler" daemon [_thread_blocked, id=15564, stack(0x000000001e960000,0x000000001ea60000)]
  0x0000000002b9e800 JavaThread "main" [_thread_in_vm, id=20256, stack(0x0000000002ba0000,0x0000000002ca0000)]

Other Threads:
  0x000000001c789800 VMThread [stack: 0x000000001e460000,0x000000001e560000] [id=20436]
  0x000000001e63a800 WatcherThread [stack: 0x000000001f370000,0x000000001f470000] [id=20220]

VM state:not at safepoint (normal execution)

VM Mutex/Monitor currently owned by a thread: None

heap address: 0x00000006c2e00000, size: 4050 MB, Compressed Oops mode: Zero based, Oop shift amount: 3
Narrow klass base: 0x0000000000000000, Narrow klass shift: 3
Compressed class space size: 1073741824 Address: 0x00000007c0000000

Heap:
 PSYoungGen      total 1248256K, used 25964K [0x000000076ba00000, 0x00000007bfb00000, 0x00000007c0000000)
  eden space 1122304K, 2% used [0x000000076ba00000,0x000000076d35b080,0x00000007b0200000)
  from space 125952K, 0% used [0x00000007b0200000,0x00000007b0200000,0x00000007b7d00000)
  to   space 120832K, 0% used [0x00000007b8500000,0x00000007b8500000,0x00000007bfb00000)
 ParOldGen       total 1047552K, used 601085K [0x00000006c2e00000, 0x0000000702d00000, 0x000000076ba00000)
  object space 1047552K, 57% used [0x00000006c2e00000,0x00000006e78ff650,0x0000000702d00000)
 Metaspace       used 34341K, capacity 35476K, committed 35712K, reserved 1081344K
  class space    used 4418K, capacity 4680K, committed 4736K, reserved 1048576K

Card table byte_map: [0x0000000012190000,0x0000000012980000] byte_map_base: 0x000000000eb79000

Marking Bits: (ParMarkBitMap*) 0x000000005a566d90
 Begin Bits: [0x00000000136d0000, 0x0000000017618000)
 End Bits:   [0x0000000017618000, 0x000000001b560000)

Polling page: 0x0000000001390000

CodeCache: size=245760Kb used=14722Kb max_used=14737Kb free=231037Kb
 bounds [0x0000000002dd0000, 0x0000000003c50000, 0x0000000011dd0000]
 total_blobs=4509 nmethods=3772 adapters=649
 compilation: enabled

Compilation events (10 events):
Event: 64.904 Thread 0x000000001e5a0800 nmethod 4605 0x00000000039c7650 code [0x00000000039c7780, 0x00000000039c77f8]
Event: 64.904 Thread 0x000000001e5a0800 4593       4       org.codehaus.groovy.reflection.ParameterTypes::getParameterTypes (16 bytes)
Event: 64.913 Thread 0x000000001e5a9800 4608       3       org.codehaus.groovy.reflection.GroovyClassValuePreJava7$GroovyClassValuePreJava7Segment::createEntry (11 bytes)
Event: 64.914 Thread 0x000000001e5a9800 nmethod 4608 0x0000000003c29ed0 code [0x0000000003c2a0e0, 0x0000000003c2ab68]
Event: 64.914 Thread 0x000000001e5a9800 4609       3       org.codehaus.groovy.reflection.ClassInfo$LazyCachedClassRef::<init> (11 bytes)
Event: 64.914 Thread 0x000000001e5a9800 nmethod 4609 0x0000000003c297d0 code [0x0000000003c29960, 0x0000000003c29cd0]
Event: 64.914 Thread 0x000000001e5a9800 4610       3       org.codehaus.groovy.reflection.ClassInfo$LazyClassLoaderRef::<init> (11 bytes)
Event: 64.914 Thread 0x000000001e5a9800 nmethod 4610 0x0000000003c290d0 code [0x0000000003c29260, 0x0000000003c295d0]
Event: 64.914 Thread 0x000000001e5a9800 4611       3       org.codehaus.groovy.reflection.ClassInfo$LazyCachedClassRef::initValue (21 bytes)
Event: 64.915 Thread 0x000000001e5a9800 nmethod 4611 0x0000000003c28a90 code [0x0000000003c28c00, 0x0000000003c28f88]

GC Heap History (10 events):
Event: 52.894 GC heap before
{Heap before GC invocations=22 (full 4):
 PSYoungGen      total 1245184K, used 1137059K [0x000000076ba00000, 0x00000007c0000000, 0x00000007c0000000)
  eden space 1107968K, 100% used [0x000000076ba00000,0x00000007af400000,0x00000007af400000)
  from space 137216K, 21% used [0x00000007af400000,0x00000007b1068db8,0x00000007b7a00000)
  to   space 132096K, 0% used [0x00000007b7f00000,0x00000007b7f00000,0x00000007c0000000)
 ParOldGen       total 967680K, used 606649K [0x00000006c2e00000, 0x00000006fdf00000, 0x000000076ba00000)
  object space 967680K, 62% used [0x00000006c2e00000,0x00000006e7e6e458,0x00000006fdf00000)
 Metaspace       used 28644K, capacity 29610K, committed 29952K, reserved 1075200K
  class space    used 3800K, capacity 3985K, committed 4096K, reserved 1048576K
Event: 52.907 GC heap after
Heap after GC invocations=22 (full 4):
 PSYoungGen      total 1238016K, used 6089K [0x000000076ba00000, 0x00000007bf900000, 0x00000007c0000000)
  eden space 1113088K, 0% used [0x000000076ba00000,0x000000076ba00000,0x00000007af900000)
  from space 124928K, 4% used [0x00000007b7f00000,0x00000007b84f2550,0x00000007bf900000)
  to   space 131072K, 0% used [0x00000007af900000,0x00000007af900000,0x00000007b7900000)
 ParOldGen       total 967680K, used 606657K [0x00000006c2e00000, 0x00000006fdf00000, 0x000000076ba00000)
  object space 967680K, 62% used [0x00000006c2e00000,0x00000006e7e70458,0x00000006fdf00000)
 Metaspace       used 28644K, capacity 29610K, committed 29952K, reserved 1075200K
  class space    used 3800K, capacity 3985K, committed 4096K, reserved 1048576K
}
Event: 56.879 GC heap before
{Heap before GC invocations=23 (full 4):
 PSYoungGen      total 1238016K, used 1119177K [0x000000076ba00000, 0x00000007bf900000, 0x00000007c0000000)
  eden space 1113088K, 100% used [0x000000076ba00000,0x00000007af900000,0x00000007af900000)
  from space 124928K, 4% used [0x00000007b7f00000,0x00000007b84f2550,0x00000007bf900000)
  to   space 131072K, 0% used [0x00000007af900000,0x00000007af900000,0x00000007b7900000)
 ParOldGen       total 967680K, used 606657K [0x00000006c2e00000, 0x00000006fdf00000, 0x000000076ba00000)
  object space 967680K, 62% used [0x00000006c2e00000,0x00000006e7e70458,0x00000006fdf00000)
 Metaspace       used 28751K, capacity 29686K, committed 29952K, reserved 1075200K
  class space    used 3800K, capacity 3985K, committed 4096K, reserved 1048576K
Event: 56.889 GC heap after
Heap after GC invocations=23 (full 4):
 PSYoungGen      total 1244160K, used 6692K [0x000000076ba00000, 0x00000007c0000000, 0x00000007c0000000)
  eden space 1113088K, 0% used [0x000000076ba00000,0x000000076ba00000,0x00000007af900000)
  from space 131072K, 5% used [0x00000007af900000,0x00000007aff89118,0x00000007b7900000)
  to   space 129024K, 0% used [0x00000007b8200000,0x00000007b8200000,0x00000007c0000000)
 ParOldGen       total 967680K, used 606665K [0x00000006c2e00000, 0x00000006fdf00000, 0x000000076ba00000)
  object space 967680K, 62% used [0x00000006c2e00000,0x00000006e7e72458,0x00000006fdf00000)
 Metaspace       used 28751K, capacity 29686K, committed 29952K, reserved 1075200K
  class space    used 3800K, capacity 3985K, committed 4096K, reserved 1048576K
}
Event: 59.799 GC heap before
{Heap before GC invocations=24 (full 4):
 PSYoungGen      total 1244160K, used 1119780K [0x000000076ba00000, 0x00000007c0000000, 0x00000007c0000000)
  eden space 1113088K, 100% used [0x000000076ba00000,0x00000007af900000,0x00000007af900000)
  from space 131072K, 5% used [0x00000007af900000,0x00000007aff89118,0x00000007b7900000)
  to   space 129024K, 0% used [0x00000007b8200000,0x00000007b8200000,0x00000007c0000000)
 ParOldGen       total 967680K, used 606665K [0x00000006c2e00000, 0x00000006fdf00000, 0x000000076ba00000)
  object space 967680K, 62% used [0x00000006c2e00000,0x00000006e7e72458,0x00000006fdf00000)
 Metaspace       used 28830K, capacity 29826K, committed 29952K, reserved 1075200K
  class space    used 3801K, capacity 3987K, committed 4096K, reserved 1048576K
Event: 59.829 GC heap after
Heap after GC invocations=24 (full 4):
 PSYoungGen      total 1243136K, used 7899K [0x000000076ba00000, 0x00000007bf800000, 0x00000007c0000000)
  eden space 1122304K, 0% used [0x000000076ba00000,0x000000076ba00000,0x00000007b0200000)
  from space 120832K, 6% used [0x00000007b8200000,0x00000007b89b6d20,0x00000007bf800000)
  to   space 125952K, 0% used [0x00000007b0200000,0x00000007b0200000,0x00000007b7d00000)
 ParOldGen       total 967680K, used 606673K [0x00000006c2e00000, 0x00000006fdf00000, 0x000000076ba00000)
  object space 967680K, 62% used [0x00000006c2e00000,0x00000006e7e74458,0x00000006fdf00000)
 Metaspace       used 28830K, capacity 29826K, committed 29952K, reserved 1075200K
  class space    used 3801K, capacity 3987K, committed 4096K, reserved 1048576K
}
Event: 64.578 GC heap before
{Heap before GC invocations=25 (full 4):
 PSYoungGen      total 1243136K, used 1103275K [0x000000076ba00000, 0x00000007bf800000, 0x00000007c0000000)
  eden space 1122304K, 97% used [0x000000076ba00000,0x00000007ae7b3fd0,0x00000007b0200000)
  from space 120832K, 6% used [0x00000007b8200000,0x00000007b89b6d20,0x00000007bf800000)
  to   space 125952K, 0% used [0x00000007b0200000,0x00000007b0200000,0x00000007b7d00000)
 ParOldGen       total 967680K, used 606673K [0x00000006c2e00000, 0x00000006fdf00000, 0x000000076ba00000)
  object space 967680K, 62% used [0x00000006c2e00000,0x00000006e7e74458,0x00000006fdf00000)
 Metaspace       used 34225K, capacity 35342K, committed 35456K, reserved 1079296K
  class space    used 4415K, capacity 4678K, committed 4736K, reserved 1048576K
Event: 64.618 GC heap after
Heap after GC invocations=25 (full 4):
 PSYoungGen      total 1248256K, used 16560K [0x000000076ba00000, 0x00000007bfb00000, 0x00000007c0000000)
  eden space 1122304K, 0% used [0x000000076ba00000,0x000000076ba00000,0x00000007b0200000)
  from space 125952K, 13% used [0x00000007b0200000,0x00000007b122c0b8,0x00000007b7d00000)
  to   space 120832K, 0% used [0x00000007b8500000,0x00000007b8500000,0x00000007bfb00000)
 ParOldGen       total 967680K, used 606681K [0x00000006c2e00000, 0x00000006fdf00000, 0x000000076ba00000)
  object space 967680K, 62% used [0x00000006c2e00000,0x00000006e7e76458,0x00000006fdf00000)
 Metaspace       used 34225K, capacity 35342K, committed 35456K, reserved 1079296K
  class space    used 4415K, capacity 4678K, committed 4736K, reserved 1048576K
}
Event: 64.618 GC heap before
{Heap before GC invocations=26 (full 5):
 PSYoungGen      total 1248256K, used 16560K [0x000000076ba00000, 0x00000007bfb00000, 0x00000007c0000000)
  eden space 1122304K, 0% used [0x000000076ba00000,0x000000076ba00000,0x00000007b0200000)
  from space 125952K, 13% used [0x00000007b0200000,0x00000007b122c0b8,0x00000007b7d00000)
  to   space 120832K, 0% used [0x00000007b8500000,0x00000007b8500000,0x00000007bfb00000)
 ParOldGen       total 967680K, used 606681K [0x00000006c2e00000, 0x00000006fdf00000, 0x000000076ba00000)
  object space 967680K, 62% used [0x00000006c2e00000,0x00000006e7e76458,0x00000006fdf00000)
 Metaspace       used 34225K, capacity 35342K, committed 35456K, reserved 1079296K
  class space    used 4415K, capacity 4678K, committed 4736K, reserved 1048576K
Event: 64.869 GC heap after
Heap after GC invocations=26 (full 5):
 PSYoungGen      total 1248256K, used 0K [0x000000076ba00000, 0x00000007bfb00000, 0x00000007c0000000)
  eden space 1122304K, 0% used [0x000000076ba00000,0x000000076ba00000,0x00000007b0200000)
  from space 125952K, 0% used [0x00000007b0200000,0x00000007b0200000,0x00000007b7d00000)
  to   space 120832K, 0% used [0x00000007b8500000,0x00000007b8500000,0x00000007bfb00000)
 ParOldGen       total 1047552K, used 601085K [0x00000006c2e00000, 0x0000000702d00000, 0x000000076ba00000)
  object space 1047552K, 57% used [0x00000006c2e00000,0x00000006e78ff650,0x0000000702d00000)
 Metaspace       used 34225K, capacity 35342K, committed 35456K, reserved 1079296K
  class space    used 4415K, capacity 4678K, committed 4736K, reserved 1048576K
}

Deoptimization events (10 events):
Event: 63.326 Thread 0x0000000002b9e800 Uncommon trap: reason=unstable_if action=reinterpret pc=0x0000000003688a40 method=java.lang.reflect.AccessibleObject.setAccessible0(Ljava/lang/reflect/AccessibleObject;Z)V @ 23
Event: 63.335 Thread 0x0000000002b9e800 Uncommon trap: reason=null_assert action=make_not_entrant pc=0x0000000003913360 method=sun.reflect.generics.parser.SignatureParser.parseFieldTypeSignature(Z)Lsun/reflect/generics/tree/FieldTypeSignature; @ 58
Event: 63.471 Thread 0x0000000002b9e800 Uncommon trap: reason=unstable_if action=reinterpret pc=0x000000000346637c method=java.lang.ClassLoader.getClassLoadingLock(Ljava/lang/String;)Ljava/lang/Object; @ 6
Event: 63.721 Thread 0x0000000002b9e800 Uncommon trap: reason=unstable_if action=reinterpret pc=0x000000000392fd64 method=sun.reflect.generics.parser.SignatureParser.parseTypeArguments()[Lsun/reflect/generics/tree/TypeArgument; @ 69
Event: 63.721 Thread 0x0000000002b9e800 Uncommon trap: reason=unstable_if action=reinterpret pc=0x00000000038ede4c method=sun.reflect.generics.parser.SignatureParser.parseTypeArguments()[Lsun/reflect/generics/tree/TypeArgument; @ 69
Event: 63.879 Thread 0x0000000002b9e800 Uncommon trap: reason=array_check action=maybe_recompile pc=0x000000000331c300 method=java.util.TimSort.binarySort([Ljava/lang/Object;IIILjava/util/Comparator;)V @ 183
Event: 63.923 Thread 0x0000000002b9e800 Uncommon trap: reason=array_check action=maybe_recompile pc=0x000000000331c300 method=java.util.TimSort.binarySort([Ljava/lang/Object;IIILjava/util/Comparator;)V @ 183
Event: 64.128 Thread 0x0000000002b9e800 Uncommon trap: reason=array_check action=maybe_recompile pc=0x000000000331c300 method=java.util.TimSort.binarySort([Ljava/lang/Object;IIILjava/util/Comparator;)V @ 183
Event: 64.545 Thread 0x0000000002b9e800 Uncommon trap: reason=unstable_if action=reinterpret pc=0x00000000035a22d8 method=java.lang.String.regionMatches(ZILjava/lang/String;II)Z @ 102
Event: 64.877 Thread 0x000000001e580800 Uncommon trap: reason=unstable_if action=reinterpret pc=0x00000000038b8ab0 method=java.lang.ref.Reference.tryHandlePending(Z)Z @ 20

Classes redefined (0 events):
No events

Internal exceptions (10 events):
Event: 64.516 Thread 0x0000000002b9e800 Exception <a 'java/lang/ClassNotFoundException': io/restassured/filter/time/TimingFilterCustomizer> (0x00000007ad578a00) thrown at [C:\re\workspace\8-2-build-windows-amd64-cygwin\jdk8u231\13620\hotspot\src\share\vm\classfile\systemDictionary.cpp, line 210
Event: 64.525 Thread 0x0000000002b9e800 Exception <a 'java/lang/ClassNotFoundException': io/restassured/internal/filter/SendRequestFilterBeanInfo> (0x00000007ad5fdc40) thrown at [C:\re\workspace\8-2-build-windows-amd64-cygwin\jdk8u231\13620\hotspot\src\share\vm\classfile\systemDictionary.cpp, l
Event: 64.531 Thread 0x0000000002b9e800 Exception <a 'java/lang/ClassNotFoundException': io/restassured/internal/filter/SendRequestFilterCustomizer> (0x00000007ad637180) thrown at [C:\re\workspace\8-2-build-windows-amd64-cygwin\jdk8u231\13620\hotspot\src\share\vm\classfile\systemDictionary.cpp,
Event: 64.551 Thread 0x0000000002b9e800 Exception <a 'java/lang/ClassNotFoundException': io/restassured/config/EncoderConfigBeanInfo> (0x00000007ad6ddd70) thrown at [C:\re\workspace\8-2-build-windows-amd64-cygwin\jdk8u231\13620\hotspot\src\share\vm\classfile\systemDictionary.cpp, line 210]
Event: 64.553 Thread 0x0000000002b9e800 Exception <a 'java/lang/ClassNotFoundException': io/restassured/config/EncoderConfigCustomizer> (0x00000007ad710be8) thrown at [C:\re\workspace\8-2-build-windows-amd64-cygwin\jdk8u231\13620\hotspot\src\share\vm\classfile\systemDictionary.cpp, line 210]
Event: 64.891 Thread 0x0000000002b9e800 Exception <a 'java/lang/ClassNotFoundException': java/lang/IntegerBeanInfo> (0x000000076be61fd0) thrown at [C:\re\workspace\8-2-build-windows-amd64-cygwin\jdk8u231\13620\hotspot\src\share\vm\classfile\systemDictionary.cpp, line 210]
Event: 64.894 Thread 0x0000000002b9e800 Exception <a 'java/lang/ClassNotFoundException': java/lang/NumberBeanInfo> (0x000000076be740a8) thrown at [C:\re\workspace\8-2-build-windows-amd64-cygwin\jdk8u231\13620\hotspot\src\share\vm\classfile\systemDictionary.cpp, line 210]
Event: 64.898 Thread 0x0000000002b9e800 Exception <a 'java/lang/ClassNotFoundException': java/lang/NumberCustomizer> (0x000000076be861c0) thrown at [C:\re\workspace\8-2-build-windows-amd64-cygwin\jdk8u231\13620\hotspot\src\share\vm\classfile\systemDictionary.cpp, line 210]
Event: 64.902 Thread 0x0000000002b9e800 Exception <a 'java/lang/ClassNotFoundException': java/lang/IntegerCustomizer> (0x000000076be9cd18) thrown at [C:\re\workspace\8-2-build-windows-amd64-cygwin\jdk8u231\13620\hotspot\src\share\vm\classfile\systemDictionary.cpp, line 210]
Event: 64.924 Thread 0x0000000002b9e800 Exception <a 'java/lang/ClassNotFoundException': io/restassured/internal/support/PathSupportBeanInfo> (0x000000076bf44228) thrown at [C:\re\workspace\8-2-build-windows-amd64-cygwin\jdk8u231\13620\hotspot\src\share\vm\classfile\systemDictionary.cpp, line 2

Events (10 events):
Event: 64.916 loading class io/restassured/internal/support/PathSupportBeanInfo
Event: 64.916 loading class io/restassured/internal/support/PathSupportBeanInfo done
Event: 64.916 Executing VM operation: RevokeBias
Event: 64.917 Executing VM operation: RevokeBias done
Event: 64.917 Executing VM operation: RevokeBias
Event: 64.917 Executing VM operation: RevokeBias done
Event: 64.918 Executing VM operation: RevokeBias
Event: 64.918 Executing VM operation: RevokeBias done
Event: 64.924 loading class io/restassured/internal/support/PathSupportBeanInfo
Event: 64.924 loading class io/restassured/internal/support/PathSupportBeanInfo done


Dynamic libraries:
0x00007ff6549f0000 - 0x00007ff654a27000 	C:\Program Files\Java\jdk1.8.0_231\jre\bin\java.exe
0x00007ffd68960000 - 0x00007ffd68b50000 	C:\WINDOWS\SYSTEM32\ntdll.dll
0x00007ffd677a0000 - 0x00007ffd67852000 	C:\WINDOWS\System32\KERNEL32.DLL
0x00007ffd65ba0000 - 0x00007ffd65e43000 	C:\WINDOWS\System32\KERNELBASE.dll
0x00007ffd68050000 - 0x00007ffd680f3000 	C:\WINDOWS\System32\ADVAPI32.dll
0x00007ffd686a0000 - 0x00007ffd6873e000 	C:\WINDOWS\System32\msvcrt.dll
0x00007ffd68530000 - 0x00007ffd685c7000 	C:\WINDOWS\System32\sechost.dll
0x00007ffd68100000 - 0x00007ffd68220000 	C:\WINDOWS\System32\RPCRT4.dll
0x00007ffd68740000 - 0x00007ffd688d4000 	C:\WINDOWS\System32\USER32.dll
0x00007ffd65e50000 - 0x00007ffd65e71000 	C:\WINDOWS\System32\win32u.dll
0x00007ffd67d30000 - 0x00007ffd67d56000 	C:\WINDOWS\System32\GDI32.dll
0x00007ffd65e80000 - 0x00007ffd66014000 	C:\WINDOWS\System32\gdi32full.dll
0x00007ffd66970000 - 0x00007ffd66a0e000 	C:\WINDOWS\System32\msvcp_win.dll
0x00007ffd65a40000 - 0x00007ffd65b3a000 	C:\WINDOWS\System32\ucrtbase.dll
0x00007ffd64cc0000 - 0x00007ffd64f45000 	C:\WINDOWS\WinSxS\amd64_microsoft.windows.common-controls_6595b64144ccf1df_6.0.18362.720_none_e6beb5c51314836b\COMCTL32.dll
0x00007ffd66bd0000 - 0x00007ffd66f06000 	C:\WINDOWS\System32\combase.dll
0x00007ffd66020000 - 0x00007ffd660a0000 	C:\WINDOWS\System32\bcryptPrimitives.dll
0x00007ffd688e0000 - 0x00007ffd6890e000 	C:\WINDOWS\System32\IMM32.DLL
0x000000005a5f0000 - 0x000000005a6c2000 	C:\Program Files\Java\jdk1.8.0_231\jre\bin\msvcr100.dll
0x0000000059d40000 - 0x000000005a5e6000 	C:\Program Files\Java\jdk1.8.0_231\jre\bin\server\jvm.dll
0x00007ffd66f70000 - 0x00007ffd66f78000 	C:\WINDOWS\System32\PSAPI.DLL
0x00007ffd55d70000 - 0x00007ffd55d94000 	C:\WINDOWS\SYSTEM32\WINMM.dll
0x00007ffd55ad0000 - 0x00007ffd55ad9000 	C:\WINDOWS\SYSTEM32\WSOCK32.dll
0x00007ffd67d60000 - 0x00007ffd67dcf000 	C:\WINDOWS\System32\WS2_32.dll
0x00007ffd5f430000 - 0x00007ffd5f43a000 	C:\WINDOWS\SYSTEM32\VERSION.dll
0x00007ffd57190000 - 0x00007ffd571bd000 	C:\WINDOWS\SYSTEM32\WINMMBASE.dll
0x00007ffd659a0000 - 0x00007ffd659ea000 	C:\WINDOWS\System32\cfgmgr32.dll
0x00007ffd64110000 - 0x00007ffd6411f000 	C:\Program Files\Java\jdk1.8.0_231\jre\bin\verify.dll
0x00007ffd5f130000 - 0x00007ffd5f159000 	C:\Program Files\Java\jdk1.8.0_231\jre\bin\java.dll
0x00007ffd63e70000 - 0x00007ffd63e86000 	C:\Program Files\Java\jdk1.8.0_231\jre\bin\zip.dll
0x00007ffd66f80000 - 0x00007ffd67665000 	C:\WINDOWS\System32\SHELL32.dll
0x00007ffd67ec0000 - 0x00007ffd67f69000 	C:\WINDOWS\System32\shcore.dll
0x00007ffd660a0000 - 0x00007ffd66820000 	C:\WINDOWS\System32\windows.storage.dll
0x00007ffd658c0000 - 0x00007ffd658e3000 	C:\WINDOWS\System32\profapi.dll
0x00007ffd65850000 - 0x00007ffd6589a000 	C:\WINDOWS\System32\powrprof.dll
0x00007ffd65820000 - 0x00007ffd65830000 	C:\WINDOWS\System32\UMPDC.dll
0x00007ffd67740000 - 0x00007ffd67792000 	C:\WINDOWS\System32\shlwapi.dll
0x00007ffd65830000 - 0x00007ffd65841000 	C:\WINDOWS\System32\kernel.appcore.dll
0x00007ffd659f0000 - 0x00007ffd65a07000 	C:\WINDOWS\System32\cryptsp.dll
0x00007ffd5fed0000 - 0x00007ffd5fedd000 	C:\Program Files\Java\jdk1.8.0_231\jre\bin\management.dll
0x00007ffd5d380000 - 0x00007ffd5d392000 	C:\Users\HC0X2X2\AppData\Local\Temp\AISDK\native\2.3.0\applicationinsights-core-native-win64.dll
0x00007ffd59b30000 - 0x00007ffd59b94000 	C:\WINDOWS\SYSTEM32\mscoree.dll
0x00007ffd3c9c0000 - 0x00007ffd3ca5b000 	C:\Program Files\Java\jdk1.8.0_231\jre\bin\MSVCP140.dll
0x00007ffd5d360000 - 0x00007ffd5d375000 	C:\Program Files\Java\jdk1.8.0_231\jre\bin\VCRUNTIME140.dll
0x00007ffd59a60000 - 0x00007ffd59b09000 	C:\Windows\Microsoft.NET\Framework64\v4.0.30319\mscoreei.dll
0x00007ffd5da10000 - 0x00007ffd5da2a000 	C:\Program Files\Java\jdk1.8.0_231\jre\bin\net.dll
0x00007ffd64a10000 - 0x00007ffd64a77000 	C:\WINDOWS\system32\mswsock.dll
0x00007ffd203e0000 - 0x00007ffd203f6000 	C:\WINDOWS\system32\napinsp.dll
0x00007ffd203c0000 - 0x00007ffd203da000 	C:\WINDOWS\system32\pnrpnsp.dll
0x00007ffd647b0000 - 0x00007ffd6487a000 	C:\WINDOWS\SYSTEM32\DNSAPI.dll
0x00007ffd68910000 - 0x00007ffd68918000 	C:\WINDOWS\System32\NSI.dll
0x00007ffd64720000 - 0x00007ffd6475a000 	C:\WINDOWS\SYSTEM32\IPHLPAPI.DLL
0x00007ffd39520000 - 0x00007ffd3952e000 	C:\WINDOWS\System32\winrnr.dll
0x00007ffd5cfd0000 - 0x00007ffd5cff4000 	C:\Program Files\Java\jdk1.8.0_231\jre\bin\sunec.dll
0x00007ffd608e0000 - 0x00007ffd608fc000 	C:\WINDOWS\system32\NLAapi.dll
0x00007ffd60a30000 - 0x00007ffd60a45000 	C:\WINDOWS\system32\wshbth.dll
0x00007ffd5efb0000 - 0x00007ffd5efba000 	C:\Windows\System32\rasadhlp.dll
0x00007ffd5e310000 - 0x00007ffd5e387000 	C:\WINDOWS\System32\fwpuclnt.dll
0x00007ffd65a10000 - 0x00007ffd65a36000 	C:\WINDOWS\System32\bcrypt.dll
0x00007ffd58e00000 - 0x00007ffd598c2000 	C:\Windows\Microsoft.NET\Framework64\v4.0.30319\clr.dll
0x00007ffd58de0000 - 0x00007ffd58df6000 	C:\WINDOWS\SYSTEM32\VCRUNTIME140_CLR0400.dll
0x00007ffd58d20000 - 0x00007ffd58ddd000 	C:\WINDOWS\SYSTEM32\ucrtbase_clr0400.dll
0x00007ffd576f0000 - 0x00007ffd58cf0000 	C:\WINDOWS\assembly\NativeImages_v4.0.30319_64\mscorlib\13f4543f755b32b6ebe0edeb92bb52a8\mscorlib.ni.dll
0x00007ffd56080000 - 0x00007ffd561ce000 	C:\Windows\Microsoft.NET\Framework64\v4.0.30319\clrjit.dll
0x00007ffd5f0a0000 - 0x00007ffd5f0b6000 	C:\WINDOWS\SYSTEM32\dhcpcsvc6.DLL
0x00007ffd5f050000 - 0x00007ffd5f06c000 	C:\WINDOWS\SYSTEM32\dhcpcsvc.DLL
0x00007ffd54e20000 - 0x00007ffd55a90000 	C:\WINDOWS\assembly\NativeImages_v4.0.30319_64\System\01a3608d87251d7ea99342a88d079c23\System.ni.dll
0x00007ffd3da60000 - 0x00007ffd3daa2000 	C:\Windows\Microsoft.NET\Framework64\v4.0.30319\perfcounter.dll
0x00007ffd67f70000 - 0x00007ffd68034000 	C:\WINDOWS\System32\OLEAUT32.dll
0x00007ffd5f2f0000 - 0x00007ffd5f338000 	C:\WINDOWS\SYSTEM32\pdh.dll
0x00007ffd62db0000 - 0x00007ffd62e49000 	C:\WINDOWS\system32\uxtheme.dll
0x00007ffd63ba0000 - 0x00007ffd63bd3000 	C:\WINDOWS\SYSTEM32\rasman.dll
0x00007ffd61310000 - 0x00007ffd613ff000 	C:\Windows\System32\PROPSYS.dll
0x00007ffd3d750000 - 0x00007ffd3d78f000 	C:\WINDOWS\SYSTEM32\tapi32.dll
0x00007ffd65740000 - 0x00007ffd6576f000 	C:\WINDOWS\SYSTEM32\SspiCli.dll
0x00007ffd5f760000 - 0x00007ffd5f76f000 	C:\WINDOWS\System32\perfproc.dll
0x00007ffd5d3d0000 - 0x00007ffd5d3e2000 	C:\Program Files\Java\jdk1.8.0_231\jre\bin\nio.dll
0x00007ffd64520000 - 0x00007ffd64553000 	C:\WINDOWS\system32\rsaenh.dll
0x00007ffd65710000 - 0x00007ffd65735000 	C:\WINDOWS\SYSTEM32\USERENV.dll
0x00007ffd64be0000 - 0x00007ffd64bec000 	C:\WINDOWS\SYSTEM32\CRYPTBASE.dll
0x00007ffd5f440000 - 0x00007ffd5f44b000 	C:\Program Files\Java\jdk1.8.0_231\jre\bin\sunmscapi.dll
0x00007ffd66820000 - 0x00007ffd66969000 	C:\WINDOWS\System32\CRYPT32.dll
0x00007ffd658a0000 - 0x00007ffd658b2000 	C:\WINDOWS\System32\MSASN1.dll

VM Arguments:
java_command: C:\Users\HC0X2X2\AppData\Local\Temp\surefire3692818222553642185\surefirebooter2389743123889592271.jar C:\Users\HC0X2X2\AppData\Local\Temp\surefire3692818222553642185 2020-03-31T16-48-42_969-jvmRun1 surefire3960856477009433818tmp surefire_73314089368718959386tmp
java_class_path (initial): C:\Users\HC0X2X2\AppData\Local\Temp\surefire3692818222553642185\surefirebooter2389743123889592271.jar
Launcher Type: SUN_STANDARD

Environment Variables:
JAVA_HOME=C:\Program Files\Java\jdk1.8.0_231
PATH=C:\Program Files (x86)\Common Files\Oracle\Java\javapath;C:\WINDOWS\system32;C:\WINDOWS;C:\WINDOWS\System32\Wbem;C:\WINDOWS\System32\WindowsPowerShell\v1.0\;C:\WINDOWS\System32\OpenSSH\;C:\Program Files\Intel\WiFi\bin\;C:\Program Files\Common Files\Intel\WirelessCommon\;C:\Program Files\Java\jdk1.8.0_231\bin;C:\Users\HC0X2X2\apache-maven-3.6.3\bin;C:\Users\HC0X2X2\AppData\Local\Microsoft\WindowsApps;C:\Users\HC0X2X2\AppData\Local\Programs\Git\cmd
USERNAME=HC0X2X2
OS=Windows_NT
PROCESSOR_IDENTIFIER=Intel64 Family 6 Model 142 Stepping 12, GenuineIntel



---------------  S Y S T E M  ---------------

OS: Windows 10.0 , 64 bit Build 18362 (10.0.18362.329)

CPU:total 8 (initial active 8) (4 cores per cpu, 2 threads per core) family 6 model 142 stepping 12, cmov, cx8, fxsr, mmx, sse, sse2, sse3, ssse3, sse4.1, sse4.2, popcnt, avx, avx2, aes, clmul, erms, rtm, 3dnowpref, lzcnt, ht, tsc, tscinvbit, bmi1, bmi2, adx

Memory: 4k page, physical 16587208k(550448k free), swap 66918856k(5204k free)

vm_info: Java HotSpot(TM) 64-Bit Server VM (25.231-b11) for windows-amd64 JRE (1.8.0_231-b11), built on Oct  5 2019 03:11:30 by "java_re" with MS VC++ 10.0 (VS2010)

time: Tue Mar 31 16:50:48 2020
timezone: Central Daylight Time
elapsed time: 64 seconds (0d 0h 1m 4s)

